<?xml version="1.0" encoding="UTF-8"?>
<!-- Generated by org.testng.reporters.JUnitXMLReporter -->
<testsuite hostname="Enlil-PC" ignored="0" name="Buzzpro" tests="2" failures="1" timestamp="01 Aug 2018 17:04:35 GMT" time="40.374" errors="0">
  <testcase name="testBuzzProApplication" time="6.228" classname="test.java.BuzzproAdvertisingTest"/>
  <testcase name="testBuzzProApplication" time="3.864" classname="test.java.BuzzproAdvertisingTest">
    <failure type="java.lang.AssertionError" message="expected [Thank you, we&amp;apos;ve received your application!] but found []">
      <![CDATA[java.lang.AssertionError: expected [Thank you, we've received your application!] but found []
at test.java.AgentApplicationSuccessPage.assertSuccess(AgentApplicationSuccessPage.java:15)
at test.java.BuzzProPositiveFlow.assertAllsuccess(BuzzProPositiveFlow.java:131)
at test.java.BuzzproApplication.BuzzProApply(BuzzproApplication.java:35)
at test.java.BuzzproAdvertisingTest.testBuzzProApplication(BuzzproAdvertisingTest.java:39)
... Removed 31 stack frames]]>
    </failure>
  </testcase> <!-- testBuzzProApplication -->
</testsuite> <!-- Buzzpro -->
