<?xml version="1.0" encoding="UTF-8"?>
<testng-results skipped="0" failed="0" ignored="0" total="1" passed="1">
  <reporter-output>
  </reporter-output>
  <suite name="Default suite" duration-ms="2582" started-at="2018-10-17T16:15:31Z" finished-at="2018-10-17T16:15:33Z">
    <groups>
    </groups>
    <test name="Default test" duration-ms="2582" started-at="2018-10-17T16:15:31Z" finished-at="2018-10-17T16:15:33Z">
      <class name="restassured.test.com.RestAssuredClass">
        <test-method status="PASS" signature="ApiTest(java.lang.String, java.lang.String, java.lang.String, java.lang.String, java.lang.String)[pri:0, instance:restassured.test.com.RestAssuredClass@553f17c]" name="ApiTest" duration-ms="2549" started-at="2018-10-17T16:15:31Z" data-provider="Authentication" finished-at="2018-10-17T16:15:33Z">
          <params>
            <param index="0">
              <value>
                <![CDATA[nh]]>
              </value>
            </param>
            <param index="1">
              <value>
                <![CDATA[]]>
              </value>
            </param>
            <param index="2">
              <value>
                <![CDATA[]]>
              </value>
            </param>
            <param index="3">
              <value>
                <![CDATA[]]>
              </value>
            </param>
            <param index="4">
              <value>
                <![CDATA[ca]]>
              </value>
            </param>
          </params>
          <reporter-output>
          </reporter-output>
        </test-method> <!-- ApiTest -->
      </class> <!-- restassured.test.com.RestAssuredClass -->
    </test> <!-- Default test -->
  </suite> <!-- Default suite -->
</testng-results>
